<?xml version="1.0" encoding="UTF-8"?>
<!-- Generated by org.testng.reporters.JUnitReportReporter -->
<testsuite hostname="HL6T2B3" failures="0" tests="5" name="com.pv.project1.RestAssuredAPItest01" time="19.614" errors="0" timestamp="2024-11-07T19:00:51 CST" skipped="0">
  <testcase classname="com.pv.project1.RestAssuredAPItest01" name="prequal_footprint_get" time="5.518"/>
  <system-out/>
  <testcase classname="com.pv.project1.RestAssuredAPItest01" name="onlineApp_login_post" time="2.423"/>
  <system-out/>
  <testcase classname="com.pv.project1.RestAssuredAPItest01" name="customer_check" time="8.328"/>
  <system-out/>
  <testcase classname="com.pv.project1.RestAssuredAPItest01" name="customerPortal_login_post" time="2.496"/>
  <system-out/>
  <testcase classname="com.pv.project1.RestAssuredAPItest01" name="forgot_password_post" time="0.849"/>
  <system-out/>
</testsuite> <!-- com.pv.project1.RestAssuredAPItest01 -->
