<?xml version="1.0" encoding="UTF-8"?>
<!-- Generated by org.testng.reporters.JUnitReportReporter -->
<testsuite hostname="HL6T2B3" failures="0" tests="5" name="com.pv.project1.RestAssuredAPItest01" time="18.271" errors="0" timestamp="2024-11-07T16:50:05 CST" skipped="0">
  <testcase classname="com.pv.project1.RestAssuredAPItest01" name="prequal_footprint_get" time="2.712"/>
  <system-out/>
  <testcase classname="com.pv.project1.RestAssuredAPItest01" name="onlineApp_login_post" time="1.766"/>
  <system-out/>
  <testcase classname="com.pv.project1.RestAssuredAPItest01" name="customer_check" time="11.035"/>
  <system-out/>
  <testcase classname="com.pv.project1.RestAssuredAPItest01" name="customerPortal_login_post" time="2.035"/>
  <system-out/>
  <testcase classname="com.pv.project1.RestAssuredAPItest01" name="forgot_password_post" time="0.723"/>
  <system-out/>
</testsuite> <!-- com.pv.project1.RestAssuredAPItest01 -->
